<?xml version="1.0" encoding="UTF-8"?>
<testng-results skipped="0" failed="0" ignored="0" total="0" passed="0">
  <reporter-output>
  </reporter-output>
  <suite name="setup.TestBase" duration-ms="0" started-at="2019-01-17T09:33:41Z" finished-at="2019-01-17T09:33:41Z">
    <groups>
    </groups>
    <test name="Command line test" duration-ms="0" started-at="2019-01-17T09:33:41Z" finished-at="2019-01-17T09:33:41Z">
    </test> <!-- Command line test -->
  </suite> <!-- setup.TestBase -->
</testng-results>
